<?xml version="1.0" encoding="UTF-8"?>
<testsuite xmlns:xsi="http://www.w3.org/2001/XMLSchema-instance" xsi:schemaLocation="https://maven.apache.org/surefire/maven-surefire-plugin/xsd/surefire-test-report.xsd" name="in.ifms.employee.MainTest" time="0.002" tests="1" errors="0" skipped="1" failures="0">
  <properties>
[...]
</properties>
  <testcase name="in.ifms.employee.MainTest" classname="in.ifms.employee.MainTest" time="0">
    <skipped message="class in.ifms.employee.MainTest is @Disabled"/>
  </testcase>
</testsuite>